CRITICAL - 2024-07-17 04:35:32 --> ErrorException: Undefined array key "name"
[Method: POST, Route: api/inspection_schedule]
in APPPATH/Controllers/Inspection_schedule.php on line 78.
 1 APPPATH/Controllers/Inspection_schedule.php(78): CodeIgniter\Debug\Exceptions->errorHandler(2, 'Undefined array key "name"', '/Applications/MAMP/htdocs/fullstack/app/Controllers/Inspection_schedule.php', 78)
 2 SYSTEMPATH/CodeIgniter.php(933): App\Controllers\inspection_schedule->create()
 3 SYSTEMPATH/CodeIgniter.php(509): CodeIgniter\CodeIgniter->runController(Object(App\Controllers\inspection_schedule))
 4 SYSTEMPATH/CodeIgniter.php(355): CodeIgniter\CodeIgniter->handleRequest(null, Object(Config\Cache), false)
 5 SYSTEMPATH/Boot.php(325): CodeIgniter\CodeIgniter->run()
 6 SYSTEMPATH/Boot.php(67): CodeIgniter\Boot::runCodeIgniter(Object(CodeIgniter\CodeIgniter))
 7 FCPATH/index.php(56): CodeIgniter\Boot::bootWeb(Object(Config\Paths))
 8 SYSTEMPATH/rewrite.php(44): require_once('/Applications/MAMP/htdocs/fullstack/public/index.php')
CRITICAL - 2024-07-17 04:35:34 --> ErrorException: Undefined array key "name"
[Method: POST, Route: api/inspection_schedule]
in APPPATH/Controllers/Inspection_schedule.php on line 78.
 1 APPPATH/Controllers/Inspection_schedule.php(78): CodeIgniter\Debug\Exceptions->errorHandler(2, 'Undefined array key "name"', '/Applications/MAMP/htdocs/fullstack/app/Controllers/Inspection_schedule.php', 78)
 2 SYSTEMPATH/CodeIgniter.php(933): App\Controllers\inspection_schedule->create()
 3 SYSTEMPATH/CodeIgniter.php(509): CodeIgniter\CodeIgniter->runController(Object(App\Controllers\inspection_schedule))
 4 SYSTEMPATH/CodeIgniter.php(355): CodeIgniter\CodeIgniter->handleRequest(null, Object(Config\Cache), false)
 5 SYSTEMPATH/Boot.php(325): CodeIgniter\CodeIgniter->run()
 6 SYSTEMPATH/Boot.php(67): CodeIgniter\Boot::runCodeIgniter(Object(CodeIgniter\CodeIgniter))
 7 FCPATH/index.php(56): CodeIgniter\Boot::bootWeb(Object(Config\Paths))
 8 SYSTEMPATH/rewrite.php(44): require_once('/Applications/MAMP/htdocs/fullstack/public/index.php')
CRITICAL - 2024-07-17 04:35:35 --> ErrorException: Undefined array key "name"
[Method: POST, Route: api/inspection_schedule]
in APPPATH/Controllers/Inspection_schedule.php on line 78.
 1 APPPATH/Controllers/Inspection_schedule.php(78): CodeIgniter\Debug\Exceptions->errorHandler(2, 'Undefined array key "name"', '/Applications/MAMP/htdocs/fullstack/app/Controllers/Inspection_schedule.php', 78)
 2 SYSTEMPATH/CodeIgniter.php(933): App\Controllers\inspection_schedule->create()
 3 SYSTEMPATH/CodeIgniter.php(509): CodeIgniter\CodeIgniter->runController(Object(App\Controllers\inspection_schedule))
 4 SYSTEMPATH/CodeIgniter.php(355): CodeIgniter\CodeIgniter->handleRequest(null, Object(Config\Cache), false)
 5 SYSTEMPATH/Boot.php(325): CodeIgniter\CodeIgniter->run()
 6 SYSTEMPATH/Boot.php(67): CodeIgniter\Boot::runCodeIgniter(Object(CodeIgniter\CodeIgniter))
 7 FCPATH/index.php(56): CodeIgniter\Boot::bootWeb(Object(Config\Paths))
 8 SYSTEMPATH/rewrite.php(44): require_once('/Applications/MAMP/htdocs/fullstack/public/index.php')
CRITICAL - 2024-07-17 04:35:38 --> ErrorException: Undefined array key "name"
[Method: POST, Route: api/inspection_schedule]
in APPPATH/Controllers/Inspection_schedule.php on line 78.
 1 APPPATH/Controllers/Inspection_schedule.php(78): CodeIgniter\Debug\Exceptions->errorHandler(2, 'Undefined array key "name"', '/Applications/MAMP/htdocs/fullstack/app/Controllers/Inspection_schedule.php', 78)
 2 SYSTEMPATH/CodeIgniter.php(933): App\Controllers\inspection_schedule->create()
 3 SYSTEMPATH/CodeIgniter.php(509): CodeIgniter\CodeIgniter->runController(Object(App\Controllers\inspection_schedule))
 4 SYSTEMPATH/CodeIgniter.php(355): CodeIgniter\CodeIgniter->handleRequest(null, Object(Config\Cache), false)
 5 SYSTEMPATH/Boot.php(325): CodeIgniter\CodeIgniter->run()
 6 SYSTEMPATH/Boot.php(67): CodeIgniter\Boot::runCodeIgniter(Object(CodeIgniter\CodeIgniter))
 7 FCPATH/index.php(56): CodeIgniter\Boot::bootWeb(Object(Config\Paths))
 8 SYSTEMPATH/rewrite.php(44): require_once('/Applications/MAMP/htdocs/fullstack/public/index.php')
CRITICAL - 2024-07-17 04:35:44 --> ErrorException: Undefined array key "name"
[Method: POST, Route: api/inspection_schedule]
in APPPATH/Controllers/Inspection_schedule.php on line 78.
 1 APPPATH/Controllers/Inspection_schedule.php(78): CodeIgniter\Debug\Exceptions->errorHandler(2, 'Undefined array key "name"', '/Applications/MAMP/htdocs/fullstack/app/Controllers/Inspection_schedule.php', 78)
 2 SYSTEMPATH/CodeIgniter.php(933): App\Controllers\inspection_schedule->create()
 3 SYSTEMPATH/CodeIgniter.php(509): CodeIgniter\CodeIgniter->runController(Object(App\Controllers\inspection_schedule))
 4 SYSTEMPATH/CodeIgniter.php(355): CodeIgniter\CodeIgniter->handleRequest(null, Object(Config\Cache), false)
 5 SYSTEMPATH/Boot.php(325): CodeIgniter\CodeIgniter->run()
 6 SYSTEMPATH/Boot.php(67): CodeIgniter\Boot::runCodeIgniter(Object(CodeIgniter\CodeIgniter))
 7 FCPATH/index.php(56): CodeIgniter\Boot::bootWeb(Object(Config\Paths))
 8 SYSTEMPATH/rewrite.php(44): require_once('/Applications/MAMP/htdocs/fullstack/public/index.php')
CRITICAL - 2024-07-17 04:39:57 --> ErrorException: Undefined array key "name"
[Method: POST, Route: api/inspection_schedule]
in APPPATH/Controllers/Inspection_schedule.php on line 78.
 1 APPPATH/Controllers/Inspection_schedule.php(78): CodeIgniter\Debug\Exceptions->errorHandler(2, 'Undefined array key "name"', '/Applications/MAMP/htdocs/fullstack/app/Controllers/Inspection_schedule.php', 78)
 2 SYSTEMPATH/CodeIgniter.php(933): App\Controllers\inspection_schedule->create()
 3 SYSTEMPATH/CodeIgniter.php(509): CodeIgniter\CodeIgniter->runController(Object(App\Controllers\inspection_schedule))
 4 SYSTEMPATH/CodeIgniter.php(355): CodeIgniter\CodeIgniter->handleRequest(null, Object(Config\Cache), false)
 5 SYSTEMPATH/Boot.php(325): CodeIgniter\CodeIgniter->run()
 6 SYSTEMPATH/Boot.php(67): CodeIgniter\Boot::runCodeIgniter(Object(CodeIgniter\CodeIgniter))
 7 FCPATH/index.php(56): CodeIgniter\Boot::bootWeb(Object(Config\Paths))
 8 SYSTEMPATH/rewrite.php(44): require_once('/Applications/MAMP/htdocs/fullstack/public/index.php')
ERROR - 2024-07-17 04:45:13 --> mysqli_sql_exception: Cannot add or update a child row: a foreign key constraint fails (`rs_sederhana`.`inspectionschedules`, CONSTRAINT `inspectionschedules_ibfk_1` FOREIGN KEY (`id_patient`) REFERENCES `patients` (`id`)) in /Applications/MAMP/htdocs/fullstack/system/Database/MySQLi/Connection.php:312
Stack trace:
#0 /Applications/MAMP/htdocs/fullstack/system/Database/MySQLi/Connection.php(312): mysqli->query('INSERT INTO `in...', 0)
#1 /Applications/MAMP/htdocs/fullstack/system/Database/BaseConnection.php(734): CodeIgniter\Database\MySQLi\Connection->execute('INSERT INTO `in...')
#2 /Applications/MAMP/htdocs/fullstack/system/Database/BaseConnection.php(648): CodeIgniter\Database\BaseConnection->simpleQuery('INSERT INTO `in...')
#3 /Applications/MAMP/htdocs/fullstack/system/Database/BaseBuilder.php(2332): CodeIgniter\Database\BaseConnection->query('INSERT INTO `in...', Array, false)
#4 /Applications/MAMP/htdocs/fullstack/system/Model.php(394): CodeIgniter\Database\BaseBuilder->insert()
#5 /Applications/MAMP/htdocs/fullstack/system/BaseModel.php(840): CodeIgniter\Model->doInsert(Array)
#6 /Applications/MAMP/htdocs/fullstack/system/Model.php(802): CodeIgniter\BaseModel->insert(Array, false)
#7 /Applications/MAMP/htdocs/fullstack/system/BaseModel.php(751): CodeIgniter\Model->insert(Array, false)
#8 /Applications/MAMP/htdocs/fullstack/app/Controllers/Inspection_schedule.php(84): CodeIgniter\BaseModel->save(Array)
#9 /Applications/MAMP/htdocs/fullstack/system/CodeIgniter.php(933): App\Controllers\inspection_schedule->create()
#10 /Applications/MAMP/htdocs/fullstack/system/CodeIgniter.php(509): CodeIgniter\CodeIgniter->runController(Object(App\Controllers\inspection_schedule))
#11 /Applications/MAMP/htdocs/fullstack/system/CodeIgniter.php(355): CodeIgniter\CodeIgniter->handleRequest(NULL, Object(Config\Cache), false)
#12 /Applications/MAMP/htdocs/fullstack/system/Boot.php(325): CodeIgniter\CodeIgniter->run()
#13 /Applications/MAMP/htdocs/fullstack/system/Boot.php(67): CodeIgniter\Boot::runCodeIgniter(Object(CodeIgniter\CodeIgniter))
#14 /Applications/MAMP/htdocs/fullstack/public/index.php(56): CodeIgniter\Boot::bootWeb(Object(Config\Paths))
#15 /Applications/MAMP/htdocs/fullstack/system/rewrite.php(44): require_once('/Applications/M...')
#16 {main}
CRITICAL - 2024-07-17 04:45:13 --> CodeIgniter\Database\Exceptions\DatabaseException: Cannot add or update a child row: a foreign key constraint fails (`rs_sederhana`.`inspectionschedules`, CONSTRAINT `inspectionschedules_ibfk_1` FOREIGN KEY (`id_patient`) REFERENCES `patients` (`id`))
[Method: POST, Route: api/inspection_schedule]
in SYSTEMPATH/Database/BaseConnection.php on line 688.
 1 SYSTEMPATH/Database/BaseBuilder.php(2332): CodeIgniter\Database\BaseConnection->query('INSERT INTO `inspectionschedules` (`date_time`, `time`, `status`, `created_at`, `updated_at`) VALUES (:date_time:, :time:, :status:, :created_at:, :updated_at:)', [...], false)
 2 SYSTEMPATH/Model.php(394): CodeIgniter\Database\BaseBuilder->insert()
 3 SYSTEMPATH/BaseModel.php(840): CodeIgniter\Model->doInsert([...])
 4 SYSTEMPATH/Model.php(802): CodeIgniter\BaseModel->insert([...], false)
 5 SYSTEMPATH/BaseModel.php(751): CodeIgniter\Model->insert([...], false)
 6 APPPATH/Controllers/Inspection_schedule.php(84): CodeIgniter\BaseModel->save([...])
 7 SYSTEMPATH/CodeIgniter.php(933): App\Controllers\inspection_schedule->create()
 8 SYSTEMPATH/CodeIgniter.php(509): CodeIgniter\CodeIgniter->runController(Object(App\Controllers\inspection_schedule))
 9 SYSTEMPATH/CodeIgniter.php(355): CodeIgniter\CodeIgniter->handleRequest(null, Object(Config\Cache), false)
10 SYSTEMPATH/Boot.php(325): CodeIgniter\CodeIgniter->run()
11 SYSTEMPATH/Boot.php(67): CodeIgniter\Boot::runCodeIgniter(Object(CodeIgniter\CodeIgniter))
12 FCPATH/index.php(56): CodeIgniter\Boot::bootWeb(Object(Config\Paths))
13 SYSTEMPATH/rewrite.php(44): require_once('/Applications/MAMP/htdocs/fullstack/public/index.php')
CRITICAL - 2024-07-17 04:45:13 --> [Caused by] CodeIgniter\Database\Exceptions\DatabaseException: Cannot add or update a child row: a foreign key constraint fails (`rs_sederhana`.`inspectionschedules`, CONSTRAINT `inspectionschedules_ibfk_1` FOREIGN KEY (`id_patient`) REFERENCES `patients` (`id`))
in SYSTEMPATH/Database/MySQLi/Connection.php on line 317.
 1 SYSTEMPATH/Database/BaseConnection.php(734): CodeIgniter\Database\MySQLi\Connection->execute('INSERT INTO `inspectionschedules` (`date_time`, `time`, `status`, `created_at`, `updated_at`) VALUES (\'2024-07-18\', \'00:46\', \'Pending\', \'2024-07-17 04:45:13\', \'2024-07-17 04:45:13\')')
 2 SYSTEMPATH/Database/BaseConnection.php(648): CodeIgniter\Database\BaseConnection->simpleQuery('INSERT INTO `inspectionschedules` (`date_time`, `time`, `status`, `created_at`, `updated_at`) VALUES (\'2024-07-18\', \'00:46\', \'Pending\', \'2024-07-17 04:45:13\', \'2024-07-17 04:45:13\')')
 3 SYSTEMPATH/Database/BaseBuilder.php(2332): CodeIgniter\Database\BaseConnection->query('INSERT INTO `inspectionschedules` (`date_time`, `time`, `status`, `created_at`, `updated_at`) VALUES (:date_time:, :time:, :status:, :created_at:, :updated_at:)', [...], false)
 4 SYSTEMPATH/Model.php(394): CodeIgniter\Database\BaseBuilder->insert()
 5 SYSTEMPATH/BaseModel.php(840): CodeIgniter\Model->doInsert([...])
 6 SYSTEMPATH/Model.php(802): CodeIgniter\BaseModel->insert([...], false)
 7 SYSTEMPATH/BaseModel.php(751): CodeIgniter\Model->insert([...], false)
 8 APPPATH/Controllers/Inspection_schedule.php(84): CodeIgniter\BaseModel->save([...])
 9 SYSTEMPATH/CodeIgniter.php(933): App\Controllers\inspection_schedule->create()
10 SYSTEMPATH/CodeIgniter.php(509): CodeIgniter\CodeIgniter->runController(Object(App\Controllers\inspection_schedule))
11 SYSTEMPATH/CodeIgniter.php(355): CodeIgniter\CodeIgniter->handleRequest(null, Object(Config\Cache), false)
12 SYSTEMPATH/Boot.php(325): CodeIgniter\CodeIgniter->run()
13 SYSTEMPATH/Boot.php(67): CodeIgniter\Boot::runCodeIgniter(Object(CodeIgniter\CodeIgniter))
14 FCPATH/index.php(56): CodeIgniter\Boot::bootWeb(Object(Config\Paths))
15 SYSTEMPATH/rewrite.php(44): require_once('/Applications/MAMP/htdocs/fullstack/public/index.php')
CRITICAL - 2024-07-17 04:45:13 --> [Caused by] mysqli_sql_exception: Cannot add or update a child row: a foreign key constraint fails (`rs_sederhana`.`inspectionschedules`, CONSTRAINT `inspectionschedules_ibfk_1` FOREIGN KEY (`id_patient`) REFERENCES `patients` (`id`))
in SYSTEMPATH/Database/MySQLi/Connection.php on line 312.
 1 SYSTEMPATH/Database/MySQLi/Connection.php(312): mysqli->query('INSERT INTO `inspectionschedules` (`date_time`, `time`, `status`, `created_at`, `updated_at`) VALUES (\'2024-07-18\', \'00:46\', \'Pending\', \'2024-07-17 04:45:13\', \'2024-07-17 04:45:13\')', 0)
 2 SYSTEMPATH/Database/BaseConnection.php(734): CodeIgniter\Database\MySQLi\Connection->execute('INSERT INTO `inspectionschedules` (`date_time`, `time`, `status`, `created_at`, `updated_at`) VALUES (\'2024-07-18\', \'00:46\', \'Pending\', \'2024-07-17 04:45:13\', \'2024-07-17 04:45:13\')')
 3 SYSTEMPATH/Database/BaseConnection.php(648): CodeIgniter\Database\BaseConnection->simpleQuery('INSERT INTO `inspectionschedules` (`date_time`, `time`, `status`, `created_at`, `updated_at`) VALUES (\'2024-07-18\', \'00:46\', \'Pending\', \'2024-07-17 04:45:13\', \'2024-07-17 04:45:13\')')
 4 SYSTEMPATH/Database/BaseBuilder.php(2332): CodeIgniter\Database\BaseConnection->query('INSERT INTO `inspectionschedules` (`date_time`, `time`, `status`, `created_at`, `updated_at`) VALUES (:date_time:, :time:, :status:, :created_at:, :updated_at:)', [...], false)
 5 SYSTEMPATH/Model.php(394): CodeIgniter\Database\BaseBuilder->insert()
 6 SYSTEMPATH/BaseModel.php(840): CodeIgniter\Model->doInsert([...])
 7 SYSTEMPATH/Model.php(802): CodeIgniter\BaseModel->insert([...], false)
 8 SYSTEMPATH/BaseModel.php(751): CodeIgniter\Model->insert([...], false)
 9 APPPATH/Controllers/Inspection_schedule.php(84): CodeIgniter\BaseModel->save([...])
10 SYSTEMPATH/CodeIgniter.php(933): App\Controllers\inspection_schedule->create()
11 SYSTEMPATH/CodeIgniter.php(509): CodeIgniter\CodeIgniter->runController(Object(App\Controllers\inspection_schedule))
12 SYSTEMPATH/CodeIgniter.php(355): CodeIgniter\CodeIgniter->handleRequest(null, Object(Config\Cache), false)
13 SYSTEMPATH/Boot.php(325): CodeIgniter\CodeIgniter->run()
14 SYSTEMPATH/Boot.php(67): CodeIgniter\Boot::runCodeIgniter(Object(CodeIgniter\CodeIgniter))
15 FCPATH/index.php(56): CodeIgniter\Boot::bootWeb(Object(Config\Paths))
16 SYSTEMPATH/rewrite.php(44): require_once('/Applications/MAMP/htdocs/fullstack/public/index.php')
ERROR - 2024-07-17 04:46:00 --> mysqli_sql_exception: Cannot add or update a child row: a foreign key constraint fails (`rs_sederhana`.`inspectionschedules`, CONSTRAINT `inspectionschedules_ibfk_1` FOREIGN KEY (`id_patient`) REFERENCES `patients` (`id`)) in /Applications/MAMP/htdocs/fullstack/system/Database/MySQLi/Connection.php:312
Stack trace:
#0 /Applications/MAMP/htdocs/fullstack/system/Database/MySQLi/Connection.php(312): mysqli->query('INSERT INTO `in...', 0)
#1 /Applications/MAMP/htdocs/fullstack/system/Database/BaseConnection.php(734): CodeIgniter\Database\MySQLi\Connection->execute('INSERT INTO `in...')
#2 /Applications/MAMP/htdocs/fullstack/system/Database/BaseConnection.php(648): CodeIgniter\Database\BaseConnection->simpleQuery('INSERT INTO `in...')
#3 /Applications/MAMP/htdocs/fullstack/system/Database/BaseBuilder.php(2332): CodeIgniter\Database\BaseConnection->query('INSERT INTO `in...', Array, false)
#4 /Applications/MAMP/htdocs/fullstack/system/Model.php(394): CodeIgniter\Database\BaseBuilder->insert()
#5 /Applications/MAMP/htdocs/fullstack/system/BaseModel.php(840): CodeIgniter\Model->doInsert(Array)
#6 /Applications/MAMP/htdocs/fullstack/system/Model.php(802): CodeIgniter\BaseModel->insert(Array, false)
#7 /Applications/MAMP/htdocs/fullstack/system/BaseModel.php(751): CodeIgniter\Model->insert(Array, false)
#8 /Applications/MAMP/htdocs/fullstack/app/Controllers/Inspection_schedule.php(84): CodeIgniter\BaseModel->save(Array)
#9 /Applications/MAMP/htdocs/fullstack/system/CodeIgniter.php(933): App\Controllers\inspection_schedule->create()
#10 /Applications/MAMP/htdocs/fullstack/system/CodeIgniter.php(509): CodeIgniter\CodeIgniter->runController(Object(App\Controllers\inspection_schedule))
#11 /Applications/MAMP/htdocs/fullstack/system/CodeIgniter.php(355): CodeIgniter\CodeIgniter->handleRequest(NULL, Object(Config\Cache), false)
#12 /Applications/MAMP/htdocs/fullstack/system/Boot.php(325): CodeIgniter\CodeIgniter->run()
#13 /Applications/MAMP/htdocs/fullstack/system/Boot.php(67): CodeIgniter\Boot::runCodeIgniter(Object(CodeIgniter\CodeIgniter))
#14 /Applications/MAMP/htdocs/fullstack/public/index.php(56): CodeIgniter\Boot::bootWeb(Object(Config\Paths))
#15 /Applications/MAMP/htdocs/fullstack/system/rewrite.php(44): require_once('/Applications/M...')
#16 {main}
CRITICAL - 2024-07-17 04:46:00 --> CodeIgniter\Database\Exceptions\DatabaseException: Cannot add or update a child row: a foreign key constraint fails (`rs_sederhana`.`inspectionschedules`, CONSTRAINT `inspectionschedules_ibfk_1` FOREIGN KEY (`id_patient`) REFERENCES `patients` (`id`))
[Method: POST, Route: api/inspection_schedule]
in SYSTEMPATH/Database/BaseConnection.php on line 688.
 1 SYSTEMPATH/Database/BaseBuilder.php(2332): CodeIgniter\Database\BaseConnection->query('INSERT INTO `inspectionschedules` (`date_time`, `time`, `status`, `created_at`, `updated_at`) VALUES (:date_time:, :time:, :status:, :created_at:, :updated_at:)', [...], false)
 2 SYSTEMPATH/Model.php(394): CodeIgniter\Database\BaseBuilder->insert()
 3 SYSTEMPATH/BaseModel.php(840): CodeIgniter\Model->doInsert([...])
 4 SYSTEMPATH/Model.php(802): CodeIgniter\BaseModel->insert([...], false)
 5 SYSTEMPATH/BaseModel.php(751): CodeIgniter\Model->insert([...], false)
 6 APPPATH/Controllers/Inspection_schedule.php(84): CodeIgniter\BaseModel->save([...])
 7 SYSTEMPATH/CodeIgniter.php(933): App\Controllers\inspection_schedule->create()
 8 SYSTEMPATH/CodeIgniter.php(509): CodeIgniter\CodeIgniter->runController(Object(App\Controllers\inspection_schedule))
 9 SYSTEMPATH/CodeIgniter.php(355): CodeIgniter\CodeIgniter->handleRequest(null, Object(Config\Cache), false)
10 SYSTEMPATH/Boot.php(325): CodeIgniter\CodeIgniter->run()
11 SYSTEMPATH/Boot.php(67): CodeIgniter\Boot::runCodeIgniter(Object(CodeIgniter\CodeIgniter))
12 FCPATH/index.php(56): CodeIgniter\Boot::bootWeb(Object(Config\Paths))
13 SYSTEMPATH/rewrite.php(44): require_once('/Applications/MAMP/htdocs/fullstack/public/index.php')
CRITICAL - 2024-07-17 04:46:00 --> [Caused by] CodeIgniter\Database\Exceptions\DatabaseException: Cannot add or update a child row: a foreign key constraint fails (`rs_sederhana`.`inspectionschedules`, CONSTRAINT `inspectionschedules_ibfk_1` FOREIGN KEY (`id_patient`) REFERENCES `patients` (`id`))
in SYSTEMPATH/Database/MySQLi/Connection.php on line 317.
 1 SYSTEMPATH/Database/BaseConnection.php(734): CodeIgniter\Database\MySQLi\Connection->execute('INSERT INTO `inspectionschedules` (`date_time`, `time`, `status`, `created_at`, `updated_at`) VALUES (\'2024-07-18\', \'00:46\', \'Pending\', \'2024-07-17 04:46:00\', \'2024-07-17 04:46:00\')')
 2 SYSTEMPATH/Database/BaseConnection.php(648): CodeIgniter\Database\BaseConnection->simpleQuery('INSERT INTO `inspectionschedules` (`date_time`, `time`, `status`, `created_at`, `updated_at`) VALUES (\'2024-07-18\', \'00:46\', \'Pending\', \'2024-07-17 04:46:00\', \'2024-07-17 04:46:00\')')
 3 SYSTEMPATH/Database/BaseBuilder.php(2332): CodeIgniter\Database\BaseConnection->query('INSERT INTO `inspectionschedules` (`date_time`, `time`, `status`, `created_at`, `updated_at`) VALUES (:date_time:, :time:, :status:, :created_at:, :updated_at:)', [...], false)
 4 SYSTEMPATH/Model.php(394): CodeIgniter\Database\BaseBuilder->insert()
 5 SYSTEMPATH/BaseModel.php(840): CodeIgniter\Model->doInsert([...])
 6 SYSTEMPATH/Model.php(802): CodeIgniter\BaseModel->insert([...], false)
 7 SYSTEMPATH/BaseModel.php(751): CodeIgniter\Model->insert([...], false)
 8 APPPATH/Controllers/Inspection_schedule.php(84): CodeIgniter\BaseModel->save([...])
 9 SYSTEMPATH/CodeIgniter.php(933): App\Controllers\inspection_schedule->create()
10 SYSTEMPATH/CodeIgniter.php(509): CodeIgniter\CodeIgniter->runController(Object(App\Controllers\inspection_schedule))
11 SYSTEMPATH/CodeIgniter.php(355): CodeIgniter\CodeIgniter->handleRequest(null, Object(Config\Cache), false)
12 SYSTEMPATH/Boot.php(325): CodeIgniter\CodeIgniter->run()
13 SYSTEMPATH/Boot.php(67): CodeIgniter\Boot::runCodeIgniter(Object(CodeIgniter\CodeIgniter))
14 FCPATH/index.php(56): CodeIgniter\Boot::bootWeb(Object(Config\Paths))
15 SYSTEMPATH/rewrite.php(44): require_once('/Applications/MAMP/htdocs/fullstack/public/index.php')
CRITICAL - 2024-07-17 04:46:00 --> [Caused by] mysqli_sql_exception: Cannot add or update a child row: a foreign key constraint fails (`rs_sederhana`.`inspectionschedules`, CONSTRAINT `inspectionschedules_ibfk_1` FOREIGN KEY (`id_patient`) REFERENCES `patients` (`id`))
in SYSTEMPATH/Database/MySQLi/Connection.php on line 312.
 1 SYSTEMPATH/Database/MySQLi/Connection.php(312): mysqli->query('INSERT INTO `inspectionschedules` (`date_time`, `time`, `status`, `created_at`, `updated_at`) VALUES (\'2024-07-18\', \'00:46\', \'Pending\', \'2024-07-17 04:46:00\', \'2024-07-17 04:46:00\')', 0)
 2 SYSTEMPATH/Database/BaseConnection.php(734): CodeIgniter\Database\MySQLi\Connection->execute('INSERT INTO `inspectionschedules` (`date_time`, `time`, `status`, `created_at`, `updated_at`) VALUES (\'2024-07-18\', \'00:46\', \'Pending\', \'2024-07-17 04:46:00\', \'2024-07-17 04:46:00\')')
 3 SYSTEMPATH/Database/BaseConnection.php(648): CodeIgniter\Database\BaseConnection->simpleQuery('INSERT INTO `inspectionschedules` (`date_time`, `time`, `status`, `created_at`, `updated_at`) VALUES (\'2024-07-18\', \'00:46\', \'Pending\', \'2024-07-17 04:46:00\', \'2024-07-17 04:46:00\')')
 4 SYSTEMPATH/Database/BaseBuilder.php(2332): CodeIgniter\Database\BaseConnection->query('INSERT INTO `inspectionschedules` (`date_time`, `time`, `status`, `created_at`, `updated_at`) VALUES (:date_time:, :time:, :status:, :created_at:, :updated_at:)', [...], false)
 5 SYSTEMPATH/Model.php(394): CodeIgniter\Database\BaseBuilder->insert()
 6 SYSTEMPATH/BaseModel.php(840): CodeIgniter\Model->doInsert([...])
 7 SYSTEMPATH/Model.php(802): CodeIgniter\BaseModel->insert([...], false)
 8 SYSTEMPATH/BaseModel.php(751): CodeIgniter\Model->insert([...], false)
 9 APPPATH/Controllers/Inspection_schedule.php(84): CodeIgniter\BaseModel->save([...])
10 SYSTEMPATH/CodeIgniter.php(933): App\Controllers\inspection_schedule->create()
11 SYSTEMPATH/CodeIgniter.php(509): CodeIgniter\CodeIgniter->runController(Object(App\Controllers\inspection_schedule))
12 SYSTEMPATH/CodeIgniter.php(355): CodeIgniter\CodeIgniter->handleRequest(null, Object(Config\Cache), false)
13 SYSTEMPATH/Boot.php(325): CodeIgniter\CodeIgniter->run()
14 SYSTEMPATH/Boot.php(67): CodeIgniter\Boot::runCodeIgniter(Object(CodeIgniter\CodeIgniter))
15 FCPATH/index.php(56): CodeIgniter\Boot::bootWeb(Object(Config\Paths))
16 SYSTEMPATH/rewrite.php(44): require_once('/Applications/MAMP/htdocs/fullstack/public/index.php')
ERROR - 2024-07-17 04:46:09 --> mysqli_sql_exception: Cannot add or update a child row: a foreign key constraint fails (`rs_sederhana`.`inspectionschedules`, CONSTRAINT `inspectionschedules_ibfk_1` FOREIGN KEY (`id_patient`) REFERENCES `patients` (`id`)) in /Applications/MAMP/htdocs/fullstack/system/Database/MySQLi/Connection.php:312
Stack trace:
#0 /Applications/MAMP/htdocs/fullstack/system/Database/MySQLi/Connection.php(312): mysqli->query('INSERT INTO `in...', 0)
#1 /Applications/MAMP/htdocs/fullstack/system/Database/BaseConnection.php(734): CodeIgniter\Database\MySQLi\Connection->execute('INSERT INTO `in...')
#2 /Applications/MAMP/htdocs/fullstack/system/Database/BaseConnection.php(648): CodeIgniter\Database\BaseConnection->simpleQuery('INSERT INTO `in...')
#3 /Applications/MAMP/htdocs/fullstack/system/Database/BaseBuilder.php(2332): CodeIgniter\Database\BaseConnection->query('INSERT INTO `in...', Array, false)
#4 /Applications/MAMP/htdocs/fullstack/system/Model.php(394): CodeIgniter\Database\BaseBuilder->insert()
#5 /Applications/MAMP/htdocs/fullstack/system/BaseModel.php(840): CodeIgniter\Model->doInsert(Array)
#6 /Applications/MAMP/htdocs/fullstack/system/Model.php(802): CodeIgniter\BaseModel->insert(Array, false)
#7 /Applications/MAMP/htdocs/fullstack/system/BaseModel.php(751): CodeIgniter\Model->insert(Array, false)
#8 /Applications/MAMP/htdocs/fullstack/app/Controllers/Inspection_schedule.php(84): CodeIgniter\BaseModel->save(Array)
#9 /Applications/MAMP/htdocs/fullstack/system/CodeIgniter.php(933): App\Controllers\inspection_schedule->create()
#10 /Applications/MAMP/htdocs/fullstack/system/CodeIgniter.php(509): CodeIgniter\CodeIgniter->runController(Object(App\Controllers\inspection_schedule))
#11 /Applications/MAMP/htdocs/fullstack/system/CodeIgniter.php(355): CodeIgniter\CodeIgniter->handleRequest(NULL, Object(Config\Cache), false)
#12 /Applications/MAMP/htdocs/fullstack/system/Boot.php(325): CodeIgniter\CodeIgniter->run()
#13 /Applications/MAMP/htdocs/fullstack/system/Boot.php(67): CodeIgniter\Boot::runCodeIgniter(Object(CodeIgniter\CodeIgniter))
#14 /Applications/MAMP/htdocs/fullstack/public/index.php(56): CodeIgniter\Boot::bootWeb(Object(Config\Paths))
#15 /Applications/MAMP/htdocs/fullstack/system/rewrite.php(44): require_once('/Applications/M...')
#16 {main}
CRITICAL - 2024-07-17 04:46:09 --> CodeIgniter\Database\Exceptions\DatabaseException: Cannot add or update a child row: a foreign key constraint fails (`rs_sederhana`.`inspectionschedules`, CONSTRAINT `inspectionschedules_ibfk_1` FOREIGN KEY (`id_patient`) REFERENCES `patients` (`id`))
[Method: POST, Route: api/inspection_schedule]
in SYSTEMPATH/Database/BaseConnection.php on line 688.
 1 SYSTEMPATH/Database/BaseBuilder.php(2332): CodeIgniter\Database\BaseConnection->query('INSERT INTO `inspectionschedules` (`date_time`, `time`, `status`, `created_at`, `updated_at`) VALUES (:date_time:, :time:, :status:, :created_at:, :updated_at:)', [...], false)
 2 SYSTEMPATH/Model.php(394): CodeIgniter\Database\BaseBuilder->insert()
 3 SYSTEMPATH/BaseModel.php(840): CodeIgniter\Model->doInsert([...])
 4 SYSTEMPATH/Model.php(802): CodeIgniter\BaseModel->insert([...], false)
 5 SYSTEMPATH/BaseModel.php(751): CodeIgniter\Model->insert([...], false)
 6 APPPATH/Controllers/Inspection_schedule.php(84): CodeIgniter\BaseModel->save([...])
 7 SYSTEMPATH/CodeIgniter.php(933): App\Controllers\inspection_schedule->create()
 8 SYSTEMPATH/CodeIgniter.php(509): CodeIgniter\CodeIgniter->runController(Object(App\Controllers\inspection_schedule))
 9 SYSTEMPATH/CodeIgniter.php(355): CodeIgniter\CodeIgniter->handleRequest(null, Object(Config\Cache), false)
10 SYSTEMPATH/Boot.php(325): CodeIgniter\CodeIgniter->run()
11 SYSTEMPATH/Boot.php(67): CodeIgniter\Boot::runCodeIgniter(Object(CodeIgniter\CodeIgniter))
12 FCPATH/index.php(56): CodeIgniter\Boot::bootWeb(Object(Config\Paths))
13 SYSTEMPATH/rewrite.php(44): require_once('/Applications/MAMP/htdocs/fullstack/public/index.php')
CRITICAL - 2024-07-17 04:46:09 --> [Caused by] CodeIgniter\Database\Exceptions\DatabaseException: Cannot add or update a child row: a foreign key constraint fails (`rs_sederhana`.`inspectionschedules`, CONSTRAINT `inspectionschedules_ibfk_1` FOREIGN KEY (`id_patient`) REFERENCES `patients` (`id`))
in SYSTEMPATH/Database/MySQLi/Connection.php on line 317.
 1 SYSTEMPATH/Database/BaseConnection.php(734): CodeIgniter\Database\MySQLi\Connection->execute('INSERT INTO `inspectionschedules` (`date_time`, `time`, `status`, `created_at`, `updated_at`) VALUES (\'2024-07-18\', \'00:46\', \'Pending\', \'2024-07-17 04:46:09\', \'2024-07-17 04:46:09\')')
 2 SYSTEMPATH/Database/BaseConnection.php(648): CodeIgniter\Database\BaseConnection->simpleQuery('INSERT INTO `inspectionschedules` (`date_time`, `time`, `status`, `created_at`, `updated_at`) VALUES (\'2024-07-18\', \'00:46\', \'Pending\', \'2024-07-17 04:46:09\', \'2024-07-17 04:46:09\')')
 3 SYSTEMPATH/Database/BaseBuilder.php(2332): CodeIgniter\Database\BaseConnection->query('INSERT INTO `inspectionschedules` (`date_time`, `time`, `status`, `created_at`, `updated_at`) VALUES (:date_time:, :time:, :status:, :created_at:, :updated_at:)', [...], false)
 4 SYSTEMPATH/Model.php(394): CodeIgniter\Database\BaseBuilder->insert()
 5 SYSTEMPATH/BaseModel.php(840): CodeIgniter\Model->doInsert([...])
 6 SYSTEMPATH/Model.php(802): CodeIgniter\BaseModel->insert([...], false)
 7 SYSTEMPATH/BaseModel.php(751): CodeIgniter\Model->insert([...], false)
 8 APPPATH/Controllers/Inspection_schedule.php(84): CodeIgniter\BaseModel->save([...])
 9 SYSTEMPATH/CodeIgniter.php(933): App\Controllers\inspection_schedule->create()
10 SYSTEMPATH/CodeIgniter.php(509): CodeIgniter\CodeIgniter->runController(Object(App\Controllers\inspection_schedule))
11 SYSTEMPATH/CodeIgniter.php(355): CodeIgniter\CodeIgniter->handleRequest(null, Object(Config\Cache), false)
12 SYSTEMPATH/Boot.php(325): CodeIgniter\CodeIgniter->run()
13 SYSTEMPATH/Boot.php(67): CodeIgniter\Boot::runCodeIgniter(Object(CodeIgniter\CodeIgniter))
14 FCPATH/index.php(56): CodeIgniter\Boot::bootWeb(Object(Config\Paths))
15 SYSTEMPATH/rewrite.php(44): require_once('/Applications/MAMP/htdocs/fullstack/public/index.php')
CRITICAL - 2024-07-17 04:46:09 --> [Caused by] mysqli_sql_exception: Cannot add or update a child row: a foreign key constraint fails (`rs_sederhana`.`inspectionschedules`, CONSTRAINT `inspectionschedules_ibfk_1` FOREIGN KEY (`id_patient`) REFERENCES `patients` (`id`))
in SYSTEMPATH/Database/MySQLi/Connection.php on line 312.
 1 SYSTEMPATH/Database/MySQLi/Connection.php(312): mysqli->query('INSERT INTO `inspectionschedules` (`date_time`, `time`, `status`, `created_at`, `updated_at`) VALUES (\'2024-07-18\', \'00:46\', \'Pending\', \'2024-07-17 04:46:09\', \'2024-07-17 04:46:09\')', 0)
 2 SYSTEMPATH/Database/BaseConnection.php(734): CodeIgniter\Database\MySQLi\Connection->execute('INSERT INTO `inspectionschedules` (`date_time`, `time`, `status`, `created_at`, `updated_at`) VALUES (\'2024-07-18\', \'00:46\', \'Pending\', \'2024-07-17 04:46:09\', \'2024-07-17 04:46:09\')')
 3 SYSTEMPATH/Database/BaseConnection.php(648): CodeIgniter\Database\BaseConnection->simpleQuery('INSERT INTO `inspectionschedules` (`date_time`, `time`, `status`, `created_at`, `updated_at`) VALUES (\'2024-07-18\', \'00:46\', \'Pending\', \'2024-07-17 04:46:09\', \'2024-07-17 04:46:09\')')
 4 SYSTEMPATH/Database/BaseBuilder.php(2332): CodeIgniter\Database\BaseConnection->query('INSERT INTO `inspectionschedules` (`date_time`, `time`, `status`, `created_at`, `updated_at`) VALUES (:date_time:, :time:, :status:, :created_at:, :updated_at:)', [...], false)
 5 SYSTEMPATH/Model.php(394): CodeIgniter\Database\BaseBuilder->insert()
 6 SYSTEMPATH/BaseModel.php(840): CodeIgniter\Model->doInsert([...])
 7 SYSTEMPATH/Model.php(802): CodeIgniter\BaseModel->insert([...], false)
 8 SYSTEMPATH/BaseModel.php(751): CodeIgniter\Model->insert([...], false)
 9 APPPATH/Controllers/Inspection_schedule.php(84): CodeIgniter\BaseModel->save([...])
10 SYSTEMPATH/CodeIgniter.php(933): App\Controllers\inspection_schedule->create()
11 SYSTEMPATH/CodeIgniter.php(509): CodeIgniter\CodeIgniter->runController(Object(App\Controllers\inspection_schedule))
12 SYSTEMPATH/CodeIgniter.php(355): CodeIgniter\CodeIgniter->handleRequest(null, Object(Config\Cache), false)
13 SYSTEMPATH/Boot.php(325): CodeIgniter\CodeIgniter->run()
14 SYSTEMPATH/Boot.php(67): CodeIgniter\Boot::runCodeIgniter(Object(CodeIgniter\CodeIgniter))
15 FCPATH/index.php(56): CodeIgniter\Boot::bootWeb(Object(Config\Paths))
16 SYSTEMPATH/rewrite.php(44): require_once('/Applications/MAMP/htdocs/fullstack/public/index.php')
ERROR - 2024-07-17 04:47:05 --> mysqli_sql_exception: Cannot add or update a child row: a foreign key constraint fails (`rs_sederhana`.`inspectionschedules`, CONSTRAINT `inspectionschedules_ibfk_1` FOREIGN KEY (`id_patient`) REFERENCES `patients` (`id`)) in /Applications/MAMP/htdocs/fullstack/system/Database/MySQLi/Connection.php:312
Stack trace:
#0 /Applications/MAMP/htdocs/fullstack/system/Database/MySQLi/Connection.php(312): mysqli->query('INSERT INTO `in...', 0)
#1 /Applications/MAMP/htdocs/fullstack/system/Database/BaseConnection.php(734): CodeIgniter\Database\MySQLi\Connection->execute('INSERT INTO `in...')
#2 /Applications/MAMP/htdocs/fullstack/system/Database/BaseConnection.php(648): CodeIgniter\Database\BaseConnection->simpleQuery('INSERT INTO `in...')
#3 /Applications/MAMP/htdocs/fullstack/system/Database/BaseBuilder.php(2332): CodeIgniter\Database\BaseConnection->query('INSERT INTO `in...', Array, false)
#4 /Applications/MAMP/htdocs/fullstack/system/Model.php(394): CodeIgniter\Database\BaseBuilder->insert()
#5 /Applications/MAMP/htdocs/fullstack/system/BaseModel.php(840): CodeIgniter\Model->doInsert(Array)
#6 /Applications/MAMP/htdocs/fullstack/system/Model.php(802): CodeIgniter\BaseModel->insert(Array, false)
#7 /Applications/MAMP/htdocs/fullstack/system/BaseModel.php(751): CodeIgniter\Model->insert(Array, false)
#8 /Applications/MAMP/htdocs/fullstack/app/Controllers/Inspection_schedule.php(87): CodeIgniter\BaseModel->save(Array)
#9 /Applications/MAMP/htdocs/fullstack/system/CodeIgniter.php(933): App\Controllers\inspection_schedule->create()
#10 /Applications/MAMP/htdocs/fullstack/system/CodeIgniter.php(509): CodeIgniter\CodeIgniter->runController(Object(App\Controllers\inspection_schedule))
#11 /Applications/MAMP/htdocs/fullstack/system/CodeIgniter.php(355): CodeIgniter\CodeIgniter->handleRequest(NULL, Object(Config\Cache), false)
#12 /Applications/MAMP/htdocs/fullstack/system/Boot.php(325): CodeIgniter\CodeIgniter->run()
#13 /Applications/MAMP/htdocs/fullstack/system/Boot.php(67): CodeIgniter\Boot::runCodeIgniter(Object(CodeIgniter\CodeIgniter))
#14 /Applications/MAMP/htdocs/fullstack/public/index.php(56): CodeIgniter\Boot::bootWeb(Object(Config\Paths))
#15 /Applications/MAMP/htdocs/fullstack/system/rewrite.php(44): require_once('/Applications/M...')
#16 {main}
CRITICAL - 2024-07-17 04:47:05 --> CodeIgniter\Database\Exceptions\DatabaseException: Cannot add or update a child row: a foreign key constraint fails (`rs_sederhana`.`inspectionschedules`, CONSTRAINT `inspectionschedules_ibfk_1` FOREIGN KEY (`id_patient`) REFERENCES `patients` (`id`))
[Method: POST, Route: api/inspection_schedule]
in SYSTEMPATH/Database/BaseConnection.php on line 688.
 1 SYSTEMPATH/Database/BaseBuilder.php(2332): CodeIgniter\Database\BaseConnection->query('INSERT INTO `inspectionschedules` (`date_time`, `time`, `status`, `created_at`, `updated_at`) VALUES (:date_time:, :time:, :status:, :created_at:, :updated_at:)', [...], false)
 2 SYSTEMPATH/Model.php(394): CodeIgniter\Database\BaseBuilder->insert()
 3 SYSTEMPATH/BaseModel.php(840): CodeIgniter\Model->doInsert([...])
 4 SYSTEMPATH/Model.php(802): CodeIgniter\BaseModel->insert([...], false)
 5 SYSTEMPATH/BaseModel.php(751): CodeIgniter\Model->insert([...], false)
 6 APPPATH/Controllers/Inspection_schedule.php(87): CodeIgniter\BaseModel->save([...])
 7 SYSTEMPATH/CodeIgniter.php(933): App\Controllers\inspection_schedule->create()
 8 SYSTEMPATH/CodeIgniter.php(509): CodeIgniter\CodeIgniter->runController(Object(App\Controllers\inspection_schedule))
 9 SYSTEMPATH/CodeIgniter.php(355): CodeIgniter\CodeIgniter->handleRequest(null, Object(Config\Cache), false)
10 SYSTEMPATH/Boot.php(325): CodeIgniter\CodeIgniter->run()
11 SYSTEMPATH/Boot.php(67): CodeIgniter\Boot::runCodeIgniter(Object(CodeIgniter\CodeIgniter))
12 FCPATH/index.php(56): CodeIgniter\Boot::bootWeb(Object(Config\Paths))
13 SYSTEMPATH/rewrite.php(44): require_once('/Applications/MAMP/htdocs/fullstack/public/index.php')
CRITICAL - 2024-07-17 04:47:05 --> [Caused by] CodeIgniter\Database\Exceptions\DatabaseException: Cannot add or update a child row: a foreign key constraint fails (`rs_sederhana`.`inspectionschedules`, CONSTRAINT `inspectionschedules_ibfk_1` FOREIGN KEY (`id_patient`) REFERENCES `patients` (`id`))
in SYSTEMPATH/Database/MySQLi/Connection.php on line 317.
 1 SYSTEMPATH/Database/BaseConnection.php(734): CodeIgniter\Database\MySQLi\Connection->execute('INSERT INTO `inspectionschedules` (`date_time`, `time`, `status`, `created_at`, `updated_at`) VALUES (\'2024-07-18\', \'00:46\', \'Pending\', \'2024-07-17 04:47:05\', \'2024-07-17 04:47:05\')')
 2 SYSTEMPATH/Database/BaseConnection.php(648): CodeIgniter\Database\BaseConnection->simpleQuery('INSERT INTO `inspectionschedules` (`date_time`, `time`, `status`, `created_at`, `updated_at`) VALUES (\'2024-07-18\', \'00:46\', \'Pending\', \'2024-07-17 04:47:05\', \'2024-07-17 04:47:05\')')
 3 SYSTEMPATH/Database/BaseBuilder.php(2332): CodeIgniter\Database\BaseConnection->query('INSERT INTO `inspectionschedules` (`date_time`, `time`, `status`, `created_at`, `updated_at`) VALUES (:date_time:, :time:, :status:, :created_at:, :updated_at:)', [...], false)
 4 SYSTEMPATH/Model.php(394): CodeIgniter\Database\BaseBuilder->insert()
 5 SYSTEMPATH/BaseModel.php(840): CodeIgniter\Model->doInsert([...])
 6 SYSTEMPATH/Model.php(802): CodeIgniter\BaseModel->insert([...], false)
 7 SYSTEMPATH/BaseModel.php(751): CodeIgniter\Model->insert([...], false)
 8 APPPATH/Controllers/Inspection_schedule.php(87): CodeIgniter\BaseModel->save([...])
 9 SYSTEMPATH/CodeIgniter.php(933): App\Controllers\inspection_schedule->create()
10 SYSTEMPATH/CodeIgniter.php(509): CodeIgniter\CodeIgniter->runController(Object(App\Controllers\inspection_schedule))
11 SYSTEMPATH/CodeIgniter.php(355): CodeIgniter\CodeIgniter->handleRequest(null, Object(Config\Cache), false)
12 SYSTEMPATH/Boot.php(325): CodeIgniter\CodeIgniter->run()
13 SYSTEMPATH/Boot.php(67): CodeIgniter\Boot::runCodeIgniter(Object(CodeIgniter\CodeIgniter))
14 FCPATH/index.php(56): CodeIgniter\Boot::bootWeb(Object(Config\Paths))
15 SYSTEMPATH/rewrite.php(44): require_once('/Applications/MAMP/htdocs/fullstack/public/index.php')
CRITICAL - 2024-07-17 04:47:05 --> [Caused by] mysqli_sql_exception: Cannot add or update a child row: a foreign key constraint fails (`rs_sederhana`.`inspectionschedules`, CONSTRAINT `inspectionschedules_ibfk_1` FOREIGN KEY (`id_patient`) REFERENCES `patients` (`id`))
in SYSTEMPATH/Database/MySQLi/Connection.php on line 312.
 1 SYSTEMPATH/Database/MySQLi/Connection.php(312): mysqli->query('INSERT INTO `inspectionschedules` (`date_time`, `time`, `status`, `created_at`, `updated_at`) VALUES (\'2024-07-18\', \'00:46\', \'Pending\', \'2024-07-17 04:47:05\', \'2024-07-17 04:47:05\')', 0)
 2 SYSTEMPATH/Database/BaseConnection.php(734): CodeIgniter\Database\MySQLi\Connection->execute('INSERT INTO `inspectionschedules` (`date_time`, `time`, `status`, `created_at`, `updated_at`) VALUES (\'2024-07-18\', \'00:46\', \'Pending\', \'2024-07-17 04:47:05\', \'2024-07-17 04:47:05\')')
 3 SYSTEMPATH/Database/BaseConnection.php(648): CodeIgniter\Database\BaseConnection->simpleQuery('INSERT INTO `inspectionschedules` (`date_time`, `time`, `status`, `created_at`, `updated_at`) VALUES (\'2024-07-18\', \'00:46\', \'Pending\', \'2024-07-17 04:47:05\', \'2024-07-17 04:47:05\')')
 4 SYSTEMPATH/Database/BaseBuilder.php(2332): CodeIgniter\Database\BaseConnection->query('INSERT INTO `inspectionschedules` (`date_time`, `time`, `status`, `created_at`, `updated_at`) VALUES (:date_time:, :time:, :status:, :created_at:, :updated_at:)', [...], false)
 5 SYSTEMPATH/Model.php(394): CodeIgniter\Database\BaseBuilder->insert()
 6 SYSTEMPATH/BaseModel.php(840): CodeIgniter\Model->doInsert([...])
 7 SYSTEMPATH/Model.php(802): CodeIgniter\BaseModel->insert([...], false)
 8 SYSTEMPATH/BaseModel.php(751): CodeIgniter\Model->insert([...], false)
 9 APPPATH/Controllers/Inspection_schedule.php(87): CodeIgniter\BaseModel->save([...])
10 SYSTEMPATH/CodeIgniter.php(933): App\Controllers\inspection_schedule->create()
11 SYSTEMPATH/CodeIgniter.php(509): CodeIgniter\CodeIgniter->runController(Object(App\Controllers\inspection_schedule))
12 SYSTEMPATH/CodeIgniter.php(355): CodeIgniter\CodeIgniter->handleRequest(null, Object(Config\Cache), false)
13 SYSTEMPATH/Boot.php(325): CodeIgniter\CodeIgniter->run()
14 SYSTEMPATH/Boot.php(67): CodeIgniter\Boot::runCodeIgniter(Object(CodeIgniter\CodeIgniter))
15 FCPATH/index.php(56): CodeIgniter\Boot::bootWeb(Object(Config\Paths))
16 SYSTEMPATH/rewrite.php(44): require_once('/Applications/MAMP/htdocs/fullstack/public/index.php')
